1650731997343	geckodriver	INFO	Listening on 127.0.0.1:52293
1650731997552	mozrunner::runner	INFO	Running command: "/Applications/Firefox.app/Contents/MacOS/firefox-bin" "--marionette" "--remote-debugging-port" "52294" "--remote-allow-hosts" "localhost" "-foreground" "-no-remote" "-profile" "/var/folders/s_/50ztjql92qz3z2z90n82l5wx58m3z_/T/rust_mozprofileSqAvsu"
1650731998116	Marionette	INFO	Marionette enabled
2022-04-23 19:39:58.781 firefox-bin[25039:5120608] Warning: Expected min height of view: (<NSButton: 0x12c98c400>) to be less than or equal to 30 but got a height of 32.000000. This error will be logged once per view in violation.
2022-04-23 19:39:58.782 firefox-bin[25039:5120608] Warning: Expected min height of view: (<NSButton: 0x12c9e5400>) to be less than or equal to 30 but got a height of 32.000000. This error will be logged once per view in violation.
2022-04-23 19:39:58.782 firefox-bin[25039:5120608] Warning: Expected min height of view: (<NSButton: 0x12c9ea400>) to be less than or equal to 30 but got a height of 32.000000. This error will be logged once per view in violation.
2022-04-23 19:39:58.783 firefox-bin[25039:5120608] Warning: Expected min height of view: (<NSButton: 0x12c9e7400>) to be less than or equal to 30 but got a height of 32.000000. This error will be logged once per view in violation.
2022-04-23 19:39:58.784 firefox-bin[25039:5120608] Warning: Expected min height of view: (<NSButton: 0x12c9e8400>) to be less than or equal to 30 but got a height of 32.000000. This error will be logged once per view in violation.
2022-04-23 19:39:58.784 firefox-bin[25039:5120608] Warning: Expected min height of view: (<NSPopoverTouchBarItemButton: 0x12c9e6c00>) to be less than or equal to 30 but got a height of 32.000000. This error will be logged once per view in violation.
2022-04-23 19:39:58.785 firefox-bin[25039:5120608] Warning: Expected min height of view: (<NSPopoverTouchBarItemButton: 0x12476e400>) to be less than or equal to 30 but got a height of 32.000000. This error will be logged once per view in violation.
console.warn: SearchSettings: "get: No settings file exists, new profile?" (new NotFoundError("Could not open the file at /var/folders/s_/50ztjql92qz3z2z90n82l5wx58m3z_/T/rust_mozprofileSqAvsu/search.json.mozlz4", (void 0)))
console.error: BackgroundUpdate: 
  _reasonsToNotScheduleUpdates: Failed to check for Maintenance Service Registry Key: [Exception... "Component returned failure code: 0x80004001 (NS_ERROR_NOT_IMPLEMENTED) [nsIUpdateProcessor.getServiceRegKeyExists]"  nsresult: "0x80004001 (NS_ERROR_NOT_IMPLEMENTED)"  location: "JS frame :: resource://gre/modules/BackgroundUpdate.jsm :: _reasonsToNotScheduleUpdates :: line 241"  data: no]
DevTools listening on ws://localhost:52294/devtools/browser/9ec952e7-b29c-4a1e-893e-6392aa2118fd
1650732000053	Marionette	INFO	Listening on port 52324
Read port: 52324
1650732000145	RemoteAgent	WARN	TLS certificate errors will be ignored for this session
JavaScript warning: https://mc.yandex.ru/metrika/tag.js, line 18: WEBGL_debug_renderer_info is deprecated in Firefox and will be removed. Please use RENDERER.
1650732051754	Marionette	INFO	Stopped listening on port 52324
console.warn: TopSitesFeed: Failed to fetch data from Contile server: NetworkError when attempting to fetch resource.

###!!! [Parent][PImageBridgeParent] Error: RunMessage(msgname=PImageBridge::Msg_WillClose) Channel closing: too late to send/recv, messages will be lost

1650732089763	geckodriver	INFO	Listening on 127.0.0.1:52530
1650732089781	mozrunner::runner	INFO	Running command: "/Applications/Firefox.app/Contents/MacOS/firefox-bin" "--marionette" "--remote-debugging-port" "52531" "--remote-allow-hosts" "localhost" "-foreground" "-no-remote" "-profile" "/var/folders/s_/50ztjql92qz3z2z90n82l5wx58m3z_/T/rust_mozprofile053D6D"
1650732090178	Marionette	INFO	Marionette enabled
2022-04-23 19:41:30.868 firefox-bin[25087:5122178] Warning: Expected min height of view: (<NSButton: 0x118c73400>) to be less than or equal to 30 but got a height of 32.000000. This error will be logged once per view in violation.
2022-04-23 19:41:30.869 firefox-bin[25087:5122178] Warning: Expected min height of view: (<NSButton: 0x11f31e000>) to be less than or equal to 30 but got a height of 32.000000. This error will be logged once per view in violation.
2022-04-23 19:41:30.870 firefox-bin[25087:5122178] Warning: Expected min height of view: (<NSButton: 0x11f31f400>) to be less than or equal to 30 but got a height of 32.000000. This error will be logged once per view in violation.
2022-04-23 19:41:30.870 firefox-bin[25087:5122178] Warning: Expected min height of view: (<NSButton: 0x11f320800>) to be less than or equal to 30 but got a height of 32.000000. This error will be logged once per view in violation.
2022-04-23 19:41:30.871 firefox-bin[25087:5122178] Warning: Expected min height of view: (<NSButton: 0x11f320c00>) to be less than or equal to 30 but got a height of 32.000000. This error will be logged once per view in violation.
2022-04-23 19:41:30.872 firefox-bin[25087:5122178] Warning: Expected min height of view: (<NSPopoverTouchBarItemButton: 0x11f329000>) to be less than or equal to 30 but got a height of 32.000000. This error will be logged once per view in violation.
2022-04-23 19:41:30.872 firefox-bin[25087:5122178] Warning: Expected min height of view: (<NSPopoverTouchBarItemButton: 0x11721bc00>) to be less than or equal to 30 but got a height of 32.000000. This error will be logged once per view in violation.
console.warn: SearchSettings: "get: No settings file exists, new profile?" (new NotFoundError("Could not open the file at /var/folders/s_/50ztjql92qz3z2z90n82l5wx58m3z_/T/rust_mozprofile053D6D/search.json.mozlz4", (void 0)))
console.error: BackgroundUpdate: 
  _reasonsToNotScheduleUpdates: Failed to check for Maintenance Service Registry Key: [Exception... "Component returned failure code: 0x80004001 (NS_ERROR_NOT_IMPLEMENTED) [nsIUpdateProcessor.getServiceRegKeyExists]"  nsresult: "0x80004001 (NS_ERROR_NOT_IMPLEMENTED)"  location: "JS frame :: resource://gre/modules/BackgroundUpdate.jsm :: _reasonsToNotScheduleUpdates :: line 241"  data: no]
DevTools listening on ws://localhost:52531/devtools/browser/f61f7e17-6e02-433c-a87c-fedb61f90b92
1650732091863	Marionette	INFO	Listening on port 52545
Read port: 52545
1650732091965	RemoteAgent	WARN	TLS certificate errors will be ignored for this session
JavaScript warning: https://mc.yandex.ru/metrika/tag.js, line 18: WEBGL_debug_renderer_info is deprecated in Firefox and will be removed. Please use RENDERER.

###!!! [Parent][PBackgroundParent] Error: RunMessage(msgname=PMessagePort::Msg_Close) Channel closing: too late to send/recv, messages will be lost


###!!! [Parent][PBackgroundParent] Error: RunMessage(msgname=PBackgroundIDBDatabase::Msg_Close) Channel closing: too late to send/recv, messages will be lost

Exiting due to channel error.
Exiting due to channel error.
Exiting due to channel error.
1650732191800	geckodriver	INFO	Listening on 127.0.0.1:52749
1650732191836	mozrunner::runner	INFO	Running command: "/Applications/Firefox.app/Contents/MacOS/firefox-bin" "--marionette" "--remote-debugging-port" "52750" "--remote-allow-hosts" "localhost" "-foreground" "-no-remote" "-profile" "/var/folders/s_/50ztjql92qz3z2z90n82l5wx58m3z_/T/rust_mozprofile3RGfq3"
1650732192430	Marionette	INFO	Marionette enabled
2022-04-23 19:43:13.080 firefox-bin[25153:5123824] Warning: Expected min height of view: (<NSButton: 0x12e3c5800>) to be less than or equal to 30 but got a height of 32.000000. This error will be logged once per view in violation.
2022-04-23 19:43:13.080 firefox-bin[25153:5123824] Warning: Expected min height of view: (<NSButton: 0x12e627800>) to be less than or equal to 30 but got a height of 32.000000. This error will be logged once per view in violation.
2022-04-23 19:43:13.081 firefox-bin[25153:5123824] Warning: Expected min height of view: (<NSButton: 0x12e624800>) to be less than or equal to 30 but got a height of 32.000000. This error will be logged once per view in violation.
2022-04-23 19:43:13.082 firefox-bin[25153:5123824] Warning: Expected min height of view: (<NSButton: 0x12e626000>) to be less than or equal to 30 but got a height of 32.000000. This error will be logged once per view in violation.
2022-04-23 19:43:13.082 firefox-bin[25153:5123824] Warning: Expected min height of view: (<NSButton: 0x12e629400>) to be less than or equal to 30 but got a height of 32.000000. This error will be logged once per view in violation.
2022-04-23 19:43:13.083 firefox-bin[25153:5123824] Warning: Expected min height of view: (<NSPopoverTouchBarItemButton: 0x12e625800>) to be less than or equal to 30 but got a height of 32.000000. This error will be logged once per view in violation.
2022-04-23 19:43:13.083 firefox-bin[25153:5123824] Warning: Expected min height of view: (<NSPopoverTouchBarItemButton: 0x126420400>) to be less than or equal to 30 but got a height of 32.000000. This error will be logged once per view in violation.
console.warn: SearchSettings: "get: No settings file exists, new profile?" (new NotFoundError("Could not open the file at /var/folders/s_/50ztjql92qz3z2z90n82l5wx58m3z_/T/rust_mozprofile3RGfq3/search.json.mozlz4", (void 0)))
console.error: BackgroundUpdate: 
  _reasonsToNotScheduleUpdates: Failed to check for Maintenance Service Registry Key: [Exception... "Component returned failure code: 0x80004001 (NS_ERROR_NOT_IMPLEMENTED) [nsIUpdateProcessor.getServiceRegKeyExists]"  nsresult: "0x80004001 (NS_ERROR_NOT_IMPLEMENTED)"  location: "JS frame :: resource://gre/modules/BackgroundUpdate.jsm :: _reasonsToNotScheduleUpdates :: line 241"  data: no]
DevTools listening on ws://localhost:52750/devtools/browser/ce030a91-57e0-401b-b7dc-dabe230ff75a
1650732194276	Marionette	INFO	Listening on port 52766
Read port: 52766
1650732194319	RemoteAgent	WARN	TLS certificate errors will be ignored for this session
JavaScript warning: https://mc.yandex.ru/metrika/tag.js, line 18: WEBGL_debug_renderer_info is deprecated in Firefox and will be removed. Please use RENDERER.
Exiting due to channel error.
Exiting due to channel error.
Exiting due to channel error.
1650732219642	geckodriver	INFO	Listening on 127.0.0.1:52940
1650732219659	mozrunner::runner	INFO	Running command: "/Applications/Firefox.app/Contents/MacOS/firefox-bin" "--marionette" "--remote-debugging-port" "52941" "--remote-allow-hosts" "localhost" "-foreground" "-no-remote" "-profile" "/var/folders/s_/50ztjql92qz3z2z90n82l5wx58m3z_/T/rust_mozprofile6tGU4C"
1650732220017	Marionette	INFO	Marionette enabled
2022-04-23 19:43:40.669 firefox-bin[25167:5124415] Warning: Expected min height of view: (<NSButton: 0x11bddbc00>) to be less than or equal to 30 but got a height of 32.000000. This error will be logged once per view in violation.
2022-04-23 19:43:40.670 firefox-bin[25167:5124415] Warning: Expected min height of view: (<NSButton: 0x121e83400>) to be less than or equal to 30 but got a height of 32.000000. This error will be logged once per view in violation.
2022-04-23 19:43:40.670 firefox-bin[25167:5124415] Warning: Expected min height of view: (<NSButton: 0x121e84c00>) to be less than or equal to 30 but got a height of 32.000000. This error will be logged once per view in violation.
2022-04-23 19:43:40.671 firefox-bin[25167:5124415] Warning: Expected min height of view: (<NSButton: 0x121e81800>) to be less than or equal to 30 but got a height of 32.000000. This error will be logged once per view in violation.
2022-04-23 19:43:40.671 firefox-bin[25167:5124415] Warning: Expected min height of view: (<NSButton: 0x121e82c00>) to be less than or equal to 30 but got a height of 32.000000. This error will be logged once per view in violation.
2022-04-23 19:43:40.672 firefox-bin[25167:5124415] Warning: Expected min height of view: (<NSPopoverTouchBarItemButton: 0x121e85800>) to be less than or equal to 30 but got a height of 32.000000. This error will be logged once per view in violation.
2022-04-23 19:43:40.673 firefox-bin[25167:5124415] Warning: Expected min height of view: (<NSPopoverTouchBarItemButton: 0x119c27000>) to be less than or equal to 30 but got a height of 32.000000. This error will be logged once per view in violation.
console.warn: SearchSettings: "get: No settings file exists, new profile?" (new NotFoundError("Could not open the file at /var/folders/s_/50ztjql92qz3z2z90n82l5wx58m3z_/T/rust_mozprofile6tGU4C/search.json.mozlz4", (void 0)))
console.error: BackgroundUpdate: 
  _reasonsToNotScheduleUpdates: Failed to check for Maintenance Service Registry Key: [Exception... "Component returned failure code: 0x80004001 (NS_ERROR_NOT_IMPLEMENTED) [nsIUpdateProcessor.getServiceRegKeyExists]"  nsresult: "0x80004001 (NS_ERROR_NOT_IMPLEMENTED)"  location: "JS frame :: resource://gre/modules/BackgroundUpdate.jsm :: _reasonsToNotScheduleUpdates :: line 241"  data: no]
DevTools listening on ws://localhost:52941/devtools/browser/637f2d62-9ab8-48ec-b4a7-0c1225e03f0c
1650732221787	Marionette	INFO	Listening on port 52956
Read port: 52956
1650732221847	RemoteAgent	WARN	TLS certificate errors will be ignored for this session

###!!! [Parent][PBackgroundParent] Error: RunMessage(msgname=PMessagePort::Msg_Close) Channel closing: too late to send/recv, messages will be lost


###!!! [Parent][PBackgroundParent] Error: RunMessage(msgname=PBackgroundIDBDatabase::Msg_Close) Channel closing: too late to send/recv, messages will be lost

Marionette threw an error: TypeError: this.curBrowser.contentBrowser is null
GeckoDriver.prototype.navigateTo@chrome://remote/content/marionette/driver.js:811:3

1650732281492	geckodriver	INFO	Listening on 127.0.0.1:53116
1650732281515	mozrunner::runner	INFO	Running command: "/Applications/Firefox.app/Contents/MacOS/firefox-bin" "--marionette" "--remote-debugging-port" "53117" "--remote-allow-hosts" "localhost" "-foreground" "-no-remote" "-profile" "/var/folders/s_/50ztjql92qz3z2z90n82l5wx58m3z_/T/rust_mozprofile4tyK2h"
1650732281869	Marionette	INFO	Marionette enabled
2022-04-23 19:44:42.515 firefox-bin[25191:5125274] Warning: Expected min height of view: (<NSButton: 0x121b18400>) to be less than or equal to 30 but got a height of 32.000000. This error will be logged once per view in violation.
2022-04-23 19:44:42.516 firefox-bin[25191:5125274] Warning: Expected min height of view: (<NSButton: 0x128c2ec00>) to be less than or equal to 30 but got a height of 32.000000. This error will be logged once per view in violation.
2022-04-23 19:44:42.516 firefox-bin[25191:5125274] Warning: Expected min height of view: (<NSButton: 0x128c2fc00>) to be less than or equal to 30 but got a height of 32.000000. This error will be logged once per view in violation.
2022-04-23 19:44:42.517 firefox-bin[25191:5125274] Warning: Expected min height of view: (<NSButton: 0x128c30000>) to be less than or equal to 30 but got a height of 32.000000. This error will be logged once per view in violation.
2022-04-23 19:44:42.518 firefox-bin[25191:5125274] Warning: Expected min height of view: (<NSButton: 0x10a3aac00>) to be less than or equal to 30 but got a height of 32.000000. This error will be logged once per view in violation.
2022-04-23 19:44:42.518 firefox-bin[25191:5125274] Warning: Expected min height of view: (<NSPopoverTouchBarItemButton: 0x128c2a400>) to be less than or equal to 30 but got a height of 32.000000. This error will be logged once per view in violation.
2022-04-23 19:44:42.519 firefox-bin[25191:5125274] Warning: Expected min height of view: (<NSPopoverTouchBarItemButton: 0x120b23000>) to be less than or equal to 30 but got a height of 32.000000. This error will be logged once per view in violation.
console.warn: SearchSettings: "get: No settings file exists, new profile?" (new NotFoundError("Could not open the file at /var/folders/s_/50ztjql92qz3z2z90n82l5wx58m3z_/T/rust_mozprofile4tyK2h/search.json.mozlz4", (void 0)))
console.error: BackgroundUpdate: 
  _reasonsToNotScheduleUpdates: Failed to check for Maintenance Service Registry Key: [Exception... "Component returned failure code: 0x80004001 (NS_ERROR_NOT_IMPLEMENTED) [nsIUpdateProcessor.getServiceRegKeyExists]"  nsresult: "0x80004001 (NS_ERROR_NOT_IMPLEMENTED)"  location: "JS frame :: resource://gre/modules/BackgroundUpdate.jsm :: _reasonsToNotScheduleUpdates :: line 241"  data: no]
DevTools listening on ws://localhost:53117/devtools/browser/0fbeb5c9-e3e0-49e3-aae2-4d370e92e0ad
1650732283652	Marionette	INFO	Listening on port 53134
Read port: 53134
1650732283685	RemoteAgent	WARN	TLS certificate errors will be ignored for this session
JavaScript warning: https://mc.yandex.ru/metrika/tag.js, line 18: WEBGL_debug_renderer_info is deprecated in Firefox and will be removed. Please use RENDERER.

###!!! [Parent][PBackgroundParent] Error: RunMessage(msgname=PBackgroundIDBDatabase::Msg_Close) Channel closing: too late to send/recv, messages will be lost

1650732329370	Marionette	WARN	TimedPromise timed out after 500 ms: stacktrace:
TimedPromise/<@chrome://remote/content/marionette/sync.js:235:19
TimedPromise@chrome://remote/content/marionette/sync.js:220:10
interaction.flushEventLoop@chrome://remote/content/marionette/interaction.js:431:10
webdriverClickElement@chrome://remote/content/marionette/interaction.js:179:31
[GFX1-]: Receive IPC close with reason=AbnormalShutdown
Exiting due to channel error.
Exiting due to channel error.
[GFX1-]: Receive IPC close with reason=AbnormalShutdown
Exiting due to channel error.
1650735189655	geckodriver	INFO	Listening on 127.0.0.1:64924
1650735190175	mozrunner::runner	INFO	Running command: "/Applications/Firefox.app/Contents/MacOS/firefox-bin" "--marionette" "--remote-debugging-port" "64925" "--remote-allow-hosts" "localhost" "-foreground" "-no-remote" "-profile" "/var/folders/s_/50ztjql92qz3z2z90n82l5wx58m3z_/T/rust_mozprofiletbpHtM"
1650735190742	Marionette	INFO	Marionette enabled
2022-04-23 20:33:11.545 firefox-bin[26243:5151188] Warning: Expected min height of view: (<NSButton: 0x121f04000>) to be less than or equal to 30 but got a height of 32.000000. This error will be logged once per view in violation.
2022-04-23 20:33:11.546 firefox-bin[26243:5151188] Warning: Expected min height of view: (<NSButton: 0x121f63c00>) to be less than or equal to 30 but got a height of 32.000000. This error will be logged once per view in violation.
2022-04-23 20:33:11.547 firefox-bin[26243:5151188] Warning: Expected min height of view: (<NSButton: 0x121f64c00>) to be less than or equal to 30 but got a height of 32.000000. This error will be logged once per view in violation.
2022-04-23 20:33:11.547 firefox-bin[26243:5151188] Warning: Expected min height of view: (<NSButton: 0x121f5fc00>) to be less than or equal to 30 but got a height of 32.000000. This error will be logged once per view in violation.
2022-04-23 20:33:11.548 firefox-bin[26243:5151188] Warning: Expected min height of view: (<NSButton: 0x121f62000>) to be less than or equal to 30 but got a height of 32.000000. This error will be logged once per view in violation.
2022-04-23 20:33:11.548 firefox-bin[26243:5151188] Warning: Expected min height of view: (<NSPopoverTouchBarItemButton: 0x121f65c00>) to be less than or equal to 30 but got a height of 32.000000. This error will be logged once per view in violation.
2022-04-23 20:33:11.549 firefox-bin[26243:5151188] Warning: Expected min height of view: (<NSPopoverTouchBarItemButton: 0x11e457c00>) to be less than or equal to 30 but got a height of 32.000000. This error will be logged once per view in violation.
console.warn: SearchSettings: "get: No settings file exists, new profile?" (new NotFoundError("Could not open the file at /var/folders/s_/50ztjql92qz3z2z90n82l5wx58m3z_/T/rust_mozprofiletbpHtM/search.json.mozlz4", (void 0)))
console.error: BackgroundUpdate: 
  _reasonsToNotScheduleUpdates: Failed to check for Maintenance Service Registry Key: [Exception... "Component returned failure code: 0x80004001 (NS_ERROR_NOT_IMPLEMENTED) [nsIUpdateProcessor.getServiceRegKeyExists]"  nsresult: "0x80004001 (NS_ERROR_NOT_IMPLEMENTED)"  location: "JS frame :: resource://gre/modules/BackgroundUpdate.jsm :: _reasonsToNotScheduleUpdates :: line 241"  data: no]
DevTools listening on ws://localhost:64925/devtools/browser/27cb0323-7ecc-4c3b-b49c-8e30fb3c33e4
1650735192712	Marionette	INFO	Listening on port 64956
Read port: 64956
1650735192765	RemoteAgent	WARN	TLS certificate errors will be ignored for this session
JavaScript error: https://www.mvideo.ru/, line 1: Error: 
JavaScript error: https://www.mvideo.ru/, line 1: Error: 
JavaScript error: https://www.mvideo.ru/, line 1: Error: 
JavaScript error: https://www.mvideo.ru/, line 1: Error: 
JavaScript error: https://www.mvideo.ru/, line 1: Error: 
JavaScript warning: https://mc.yandex.ru/metrika/tag.js, line 18: WEBGL_debug_renderer_info is deprecated in Firefox and will be removed. Please use RENDERER.
